Performing C SOURCE FILE Test CMAKE_HAVE_LIBC_PTHREAD failed with the following output:
Change Dir: /home/ubuntu/Desktop/OrcVIO-Stereo-Mapping_study/OrcVIO-Stereo-Mapping/ros_wrapper/src/cmake-build-debug/CMakeFiles/CMakeTmp

Run Build Command(s):/opt/clion-2022.1.3/bin/ninja/linux/ninja cmTC_7f7ab && [1/2] Building C object CMakeFiles/cmTC_7f7ab.dir/src.c.o
[2/2] Linking C executable cmTC_7f7ab
FAILED: cmTC_7f7ab 
: && /usr/bin/cc  -rdynamic CMakeFiles/cmTC_7f7ab.dir/src.c.o -o cmTC_7f7ab   && :
CMakeFiles/cmTC_7f7ab.dir/src.c.o: In function `main':
src.c:(.text+0x3e): undefined reference to `pthread_create'
src.c:(.text+0x4a): undefined reference to `pthread_detach'
src.c:(.text+0x56): undefined reference to `pthread_cancel'
src.c:(.text+0x67): undefined reference to `pthread_join'
src.c:(.text+0x7b): undefined reference to `pthread_atfork'
collect2: error: ld returned 1 exit status
ninja: build stopped: subcommand failed.


Source file was:
#include <pthread.h>

static void* test_func(void* data)
{
  return data;
}

int main(void)
{
  pthread_t thread;
  pthread_create(&thread, NULL, test_func, NULL);
  pthread_detach(thread);
  pthread_cancel(thread);
  pthread_join(thread, NULL);
  pthread_atfork(NULL, NULL, NULL);
  pthread_exit(NULL);

  return 0;
}

Determining if the function pthread_create exists in the pthreads failed with the following output:
Change Dir: /home/ubuntu/Desktop/OrcVIO-Stereo-Mapping_study/OrcVIO-Stereo-Mapping/ros_wrapper/src/cmake-build-debug/CMakeFiles/CMakeTmp

Run Build Command(s):/opt/clion-2022.1.3/bin/ninja/linux/ninja cmTC_9c3d4 && [1/2] Building C object CMakeFiles/cmTC_9c3d4.dir/CheckFunctionExists.c.o
[2/2] Linking C executable cmTC_9c3d4
FAILED: cmTC_9c3d4 
: && /usr/bin/cc -DCHECK_FUNCTION_EXISTS=pthread_create -rdynamic CMakeFiles/cmTC_9c3d4.dir/CheckFunctionExists.c.o -o cmTC_9c3d4  -lpthreads && :
/usr/bin/ld: cannot find -lpthreads
collect2: error: ld returned 1 exit status
ninja: build stopped: subcommand failed.



Determining if the function sgemm_ exists failed with the following output:
Change Dir: /home/ubuntu/Desktop/OrcVIO-Stereo-Mapping_study/OrcVIO-Stereo-Mapping/ros_wrapper/src/cmake-build-debug/CMakeFiles/CMakeTmp

Run Build Command(s):/opt/clion-2022.1.3/bin/ninja/linux/ninja cmTC_c7576 && [1/2] Building C object CMakeFiles/cmTC_c7576.dir/CheckFunctionExists.c.o
[2/2] Linking C executable cmTC_c7576
FAILED: cmTC_c7576 
: && /usr/bin/cc -DCHECK_FUNCTION_EXISTS=sgemm_  CMakeFiles/cmTC_c7576.dir/CheckFunctionExists.c.o -o cmTC_c7576   && :
CMakeFiles/cmTC_c7576.dir/CheckFunctionExists.c.o: In function `main':
CheckFunctionExists.c:(.text+0x10): undefined reference to `sgemm_'
collect2: error: ld returned 1 exit status
ninja: build stopped: subcommand failed.



Determining if the function cheev_ exists failed with the following output:
Change Dir: /home/ubuntu/Desktop/OrcVIO-Stereo-Mapping_study/OrcVIO-Stereo-Mapping/ros_wrapper/src/cmake-build-debug/CMakeFiles/CMakeTmp

Run Build Command(s):/opt/clion-2022.1.3/bin/ninja/linux/ninja cmTC_dc7cf && [1/2] Building C object CMakeFiles/cmTC_dc7cf.dir/CheckFunctionExists.c.o
[2/2] Linking C executable cmTC_dc7cf
FAILED: cmTC_dc7cf 
: && /usr/bin/cc -DCHECK_FUNCTION_EXISTS=cheev_  CMakeFiles/cmTC_dc7cf.dir/CheckFunctionExists.c.o -o cmTC_dc7cf  /usr/lib/x86_64-linux-gnu/libblas.so  /usr/lib/x86_64-linux-gnu/libf77blas.so  /usr/lib/x86_64-linux-gnu/libatlas.so  -lpthread  -lm  -ldl && :
CMakeFiles/cmTC_dc7cf.dir/CheckFunctionExists.c.o: In function `main':
CheckFunctionExists.c:(.text+0x10): undefined reference to `cheev_'
collect2: error: ld returned 1 exit status
ninja: build stopped: subcommand failed.



Determining if the function cheev_ exists failed with the following output:
Change Dir: /home/ubuntu/Desktop/OrcVIO-Stereo-Mapping_study/OrcVIO-Stereo-Mapping/ros_wrapper/src/cmake-build-debug/CMakeFiles/CMakeTmp

Run Build Command(s):/opt/clion-2022.1.3/bin/ninja/linux/ninja cmTC_31509 && [1/2] Building C object CMakeFiles/cmTC_31509.dir/CheckFunctionExists.c.o
[2/2] Linking C executable cmTC_31509
FAILED: cmTC_31509 
: && /usr/bin/cc -DCHECK_FUNCTION_EXISTS=cheev_  CMakeFiles/cmTC_31509.dir/CheckFunctionExists.c.o -o cmTC_31509  /usr/lib/x86_64-linux-gnu/liblapack.so  /usr/lib/x86_64-linux-gnu/libblas.so  /usr/lib/x86_64-linux-gnu/libf77blas.so  /usr/lib/x86_64-linux-gnu/libatlas.so  -fortranlibs && :
cc: error: unrecognized command line option '-fortranlibs'; did you mean '-fltrans'?
ninja: build stopped: subcommand failed.



